# JRE version: Java(TM) SE Runtime Environment (8.0_181-b13) (build 1.8.0_181-b13)
# Java VM: Java HotSpot(TM) Client VM (25.181-b13 mixed mode windows-x86 )
Heap:
 def new generation   total 23872K, used 13944K [0x04e00000, 0x067e0000, 0x0a350000)
  eden space 21248K,  55% used [0x04e00000, 0x0598ab38, 0x062c0000)
  from space 2624K,  81% used [0x06550000, 0x06763638, 0x067e0000)
  to   space 2624K,   0% used [0x062c0000, 0x062c0000, 0x06550000)
 tenured generation   total 52860K, used 36374K [0x0a350000, 0x0d6ef000, 0x14e00000)
   the space 52860K,  68% used [0x0a350000, 0x0c6d58e8, 0x0c6d5a00, 0x0d6ef000)
 Metaspace       used 41120K, capacity 42581K, committed 42624K, reserved 43392K
GC Heap History (10 events):
Event: 1462.832 GC heap before
{Heap before GC invocations=215 (full 9):
 def new generation   total 23872K, used 22887K [0x04e00000, 0x067e0000, 0x0a350000)
  eden space 21248K, 100% used [0x04e00000, 0x062c0000, 0x062c0000)
  from space 2624K,  62% used [0x062c0000, 0x06459ee8, 0x06550000)
  to   space 2624K,   0% used [0x06550000, 0x06550000, 0x067e0000)
 tenured generation   total 52860K, used 31715K [0x0a350000, 0x0d6ef000, 0x14e00000)
   the space 52860K,  59% used [0x0a350000, 0x0c248ec0, 0x0c249000, 0x0d6ef000)
 Metaspace       used 40959K, capacity 42393K, committed 42496K, reserved 43392K
Event: 1462.839 GC heap after
Heap after GC invocations=216 (full 9):
 def new generation   total 23872K, used 1460K [0x04e00000, 0x067e0000, 0x0a350000)
  eden space 21248K,   0% used [0x04e00000, 0x04e00000, 0x062c0000)
  from space 2624K,  55% used [0x06550000, 0x066bd1e8, 0x067e0000)
  to   space 2624K,   0% used [0x062c0000, 0x062c0000, 0x06550000)
 tenured generation   total 52860K, used 32348K [0x0a350000, 0x0d6ef000, 0x14e00000)
   the space 52860K,  61% used [0x0a350000, 0x0c2e72a8, 0x0c2e7400, 0x0d6ef000)
 Metaspace       used 40959K, capacity 42393K, committed 42496K, reserved 43392K
}
Event: 1462.990 GC heap before
{Heap before GC invocations=216 (full 9):
 def new generation   total 23872K, used 22698K [0x04e00000, 0x067e0000, 0x0a350000)
  eden space 21248K,  99% used [0x04e00000, 0x062bd788, 0x062c0000)
  from space 2624K,  55% used [0x06550000, 0x066bd1e8, 0x067e0000)
  to   space 2624K,   0% used [0x062c0000, 0x062c0000, 0x06550000)
 tenured generation   total 52860K, used 32348K [0x0a350000, 0x0d6ef000, 0x14e00000)
   the space 52860K,  61% used [0x0a350000, 0x0c2e72a8, 0x0c2e7400, 0x0d6ef000)
 Metaspace       used 40978K, capacity 42400K, committed 42496K, reserved 43392K
Event: 1462.997 GC heap after
Heap after GC invocations=217 (full 9):
 def new generation   total 23872K, used 2155K [0x04e00000, 0x067e0000, 0x0a350000)
  eden space 21248K,   0% used [0x04e00000, 0x04e00000, 0x062c0000)
  from space 2624K,  82% used [0x062c0000, 0x064dacc0, 0x06550000)
  to   space 2624K,   0% used [0x06550000, 0x06550000, 0x067e0000)
 tenured generation   total 52860K, used 32931K [0x0a350000, 0x0d6ef000, 0x14e00000)
   the space 52860K,  62% used [0x0a350000, 0x0c378fd0, 0x0c379000, 0x0d6ef000)
 Metaspace       used 40978K, capacity 42400K, committed 42496K, reserved 43392K
}
Event: 1463.014 GC heap before
{Heap before GC invocations=217 (full 9):
 def new generation   total 23872K, used 23403K [0x04e00000, 0x067e0000, 0x0a350000)
  eden space 21248K, 100% used [0x04e00000, 0x062c0000, 0x062c0000)
  from space 2624K,  82% used [0x062c0000, 0x064dacc0, 0x06550000)
  to   space 2624K,   0% used [0x06550000, 0x06550000, 0x067e0000)
 tenured generation   total 52860K, used 32931K [0x0a350000, 0x0d6ef000, 0x14e00000)
   the space 52860K,  62% used [0x0a350000, 0x0c378fd0, 0x0c379000, 0x0d6ef000)
 Metaspace       used 40978K, capacity 42400K, committed 42496K, reserved 43392K
Event: 1463.019 GC heap after
Heap after GC invocations=218 (full 9):
 def new generation   total 23872K, used 80K [0x04e00000, 0x067e0000, 0x0a350000)
  eden space 21248K,   0% used [0x04e00000, 0x04e00000, 0x062c0000)
  from space 2624K,   3% used [0x06550000, 0x065643f8, 0x067e0000)
  to   space 2624K,   0% used [0x062c0000, 0x062c0000, 0x06550000)
 tenured generation   total 52860K, used 34916K [0x0a350000, 0x0d6ef000, 0x14e00000)
   the space 52860K,  66% used [0x0a350000, 0x0c569270, 0x0c569400, 0x0d6ef000)
 Metaspace       used 40978K, capacity 42400K, committed 42496K, reserved 43392K
}
Event: 1463.244 GC heap before
{Heap before GC invocations=218 (full 9):
 def new generation   total 23872K, used 21328K [0x04e00000, 0x067e0000, 0x0a350000)
  eden space 21248K, 100% used [0x04e00000, 0x062c0000, 0x062c0000)
  from space 2624K,   3% used [0x06550000, 0x065643f8, 0x067e0000)
  to   space 2624K,   0% used [0x062c0000, 0x062c0000, 0x06550000)
 tenured generation   total 52860K, used 34916K [0x0a350000, 0x0d6ef000, 0x14e00000)
   the space 52860K,  66% used [0x0a350000, 0x0c569270, 0x0c569400, 0x0d6ef000)
 Metaspace       used 41047K, capacity 42507K, committed 42624K, reserved 43392K
Event: 1463.250 GC heap after
Heap after GC invocations=219 (full 9):
 def new generation   total 23872K, used 1734K [0x04e00000, 0x067e0000, 0x0a350000)
  eden space 21248K,   0% used [0x04e00000, 0x04e00000, 0x062c0000)
  from space 2624K,  66% used [0x062c0000, 0x06471988, 0x06550000)
  to   space 2624K,   0% used [0x06550000, 0x06550000, 0x067e0000)
 tenured generation   total 52860K, used 34916K [0x0a350000, 0x0d6ef000, 0x14e00000)
   the space 52860K,  66% used [0x0a350000, 0x0c569270, 0x0c569400, 0x0d6ef000)
 Metaspace       used 41047K, capacity 42507K, committed 42624K, reserved 43392K
}
Event: 1463.432 GC heap before
{Heap before GC invocations=219 (full 9):
 def new generation   total 23872K, used 22982K [0x04e00000, 0x067e0000, 0x0a350000)
  eden space 21248K, 100% used [0x04e00000, 0x062c0000, 0x062c0000)
  from space 2624K,  66% used [0x062c0000, 0x06471988, 0x06550000)
  to   space 2624K,   0% used [0x06550000, 0x06550000, 0x067e0000)
 tenured generation   total 52860K, used 34916K [0x0a350000, 0x0d6ef000, 0x14e00000)
   the space 52860K,  66% used [0x0a350000, 0x0c569270, 0x0c569400, 0x0d6ef000)
 Metaspace       used 41083K, capacity 42544K, committed 42624K, reserved 43392K
Event: 1463.441 GC heap after
Heap after GC invocations=220 (full 9):
 def new generation   total 23872K, used 2125K [0x04e00000, 0x067e0000, 0x0a350000)
  eden space 21248K,   0% used [0x04e00000, 0x04e00000, 0x062c0000)
  from space 2624K,  81% used [0x06550000, 0x06763638, 0x067e0000)
  to   space 2624K,   0% used [0x062c0000, 0x062c0000, 0x06550000)
 tenured generation   total 52860K, used 36374K [0x0a350000, 0x0d6ef000, 0x14e00000)
   the space 52860K,  68% used [0x0a350000, 0x0c6d58e8, 0x0c6d5a00, 0x0d6ef000)
 Metaspace       used 41083K, capacity 42544K, committed 42624K, reserved 43392K
}

